<?xml version='1.0'?>
<ns2:test-suite xmlns:ns2='urn:model.allure.qatools.yandex.ru' start='1639817083322' stop='1639817088906'>
    <name>vendor functionaly test</name>
    <title>vendor functionaly test</title>
    <test-cases>
        <test-case start='1639817083325' status='undefined' stop='1639817083326'>
            <name>vendor login</name>
            <title>vendor login</title>
            <labels/>
            <parameters/>
            <steps/>
            <attachments/>
            <failure>
                <message>This test was disabled</message>
                <stack-trace>undefined</stack-trace>
            </failure>
        </test-case>
        <test-case start='1639817083327' status='undefined' stop='1639817083327'>
            <name>vendor logout</name>
            <title>vendor logout</title>
            <labels/>
            <parameters/>
            <steps/>
            <attachments/>
            <failure>
                <message>This test was disabled</message>
                <stack-trace>undefined</stack-trace>
            </failure>
        </test-case>
        <test-case start='1639817083327' status='failed' stop='1639817088906'>
            <name>vendor add product</name>
            <title>vendor add product</title>
            <labels/>
            <parameters/>
            <steps/>
            <attachments/>
            <failure>
                <message>TypeError: loginPage.addproduct is not a function</message>
                <stack-trace>TypeError: loginPage.addproduct is not a function
                    at Object.&lt;anonymous> (/Users/shashwata/Desktop/weDevs/Dokan_automation_jest/tests/vendor.test.js:39:23)</stack-trace>
            </failure>
        </test-case>
    </test-cases>
</ns2:test-suite>